{"/home/mansur903/projects/frontend-project-lvl2/files/flatFileComparsion.js": {"path":"/home/mansur903/projects/frontend-project-lvl2/files/flatFileComparsion.js","all":false,"statementMap":{"0":{"start":{"line":1,"column":0},"end":{"line":1,"column":34}},"1":{"start":{"line":2,"column":0},"end":{"line":2,"column":24}},"2":{"start":{"line":3,"column":0},"end":{"line":3,"column":23}},"3":{"start":{"line":4,"column":0},"end":{"line":4,"column":0}},"4":{"start":{"line":5,"column":0},"end":{"line":5,"column":66}},"5":{"start":{"line":6,"column":0},"end":{"line":6,"column":106}},"6":{"start":{"line":7,"column":0},"end":{"line":7,"column":106}},"7":{"start":{"line":8,"column":0},"end":{"line":8,"column":47}},"8":{"start":{"line":9,"column":0},"end":{"line":9,"column":47}},"9":{"start":{"line":10,"column":0},"end":{"line":10,"column":80}},"10":{"start":{"line":11,"column":0},"end":{"line":11,"column":57}},"11":{"start":{"line":12,"column":0},"end":{"line":12,"column":37}},"12":{"start":{"line":13,"column":0},"end":{"line":13,"column":36}},"13":{"start":{"line":14,"column":0},"end":{"line":14,"column":38}},"14":{"start":{"line":15,"column":0},"end":{"line":15,"column":37}},"15":{"start":{"line":16,"column":0},"end":{"line":16,"column":39}},"16":{"start":{"line":17,"column":0},"end":{"line":17,"column":54}},"17":{"start":{"line":18,"column":0},"end":{"line":18,"column":49}},"18":{"start":{"line":19,"column":0},"end":{"line":19,"column":16}},"19":{"start":{"line":20,"column":0},"end":{"line":20,"column":48}},"20":{"start":{"line":21,"column":0},"end":{"line":21,"column":47}},"21":{"start":{"line":22,"column":0},"end":{"line":22,"column":9}},"22":{"start":{"line":23,"column":0},"end":{"line":23,"column":14}},"23":{"start":{"line":24,"column":0},"end":{"line":24,"column":46}},"24":{"start":{"line":25,"column":0},"end":{"line":25,"column":7}},"25":{"start":{"line":26,"column":0},"end":{"line":26,"column":80}},"26":{"start":{"line":27,"column":0},"end":{"line":27,"column":15}},"27":{"start":{"line":28,"column":0},"end":{"line":28,"column":9}},"28":{"start":{"line":29,"column":0},"end":{"line":29,"column":22}},"29":{"start":{"line":30,"column":0},"end":{"line":30,"column":32}},"30":{"start":{"line":31,"column":0},"end":{"line":31,"column":1}}},"s":{"0":1,"1":1,"2":1,"3":1,"4":1,"5":1,"6":1,"7":1,"8":1,"9":1,"10":5,"11":5,"12":5,"13":4,"14":2,"15":2,"16":1,"17":1,"18":1,"19":2,"20":5,"21":1,"22":1,"23":1,"24":5,"25":1,"26":1,"27":1,"28":1,"29":1,"30":1},"branchMap":{"0":{"type":"branch","line":1,"loc":{"start":{"line":1,"column":0},"end":{"line":26,"column":76}},"locations":[{"start":{"line":1,"column":0},"end":{"line":26,"column":76}}]},"1":{"type":"branch","line":1,"loc":{"start":{"line":1,"column":11},"end":{"line":26,"column":75}},"locations":[{"start":{"line":1,"column":11},"end":{"line":26,"column":75}}]},"2":{"type":"branch","line":10,"loc":{"start":{"line":10,"column":33},"end":{"line":26,"column":11}},"locations":[{"start":{"line":10,"column":33},"end":{"line":26,"column":11}}]},"3":{"type":"branch","line":13,"loc":{"start":{"line":13,"column":23},"end":{"line":21,"column":44}},"locations":[{"start":{"line":13,"column":23},"end":{"line":21,"column":44}}]},"4":{"type":"branch","line":14,"loc":{"start":{"line":14,"column":26},"end":{"line":21,"column":38}},"locations":[{"start":{"line":14,"column":26},"end":{"line":21,"column":38}}]},"5":{"type":"branch","line":16,"loc":{"start":{"line":16,"column":4},"end":{"line":20,"column":17}},"locations":[{"start":{"line":16,"column":4},"end":{"line":20,"column":17}}]},"6":{"type":"branch","line":21,"loc":{"start":{"line":21,"column":44},"end":{"line":24,"column":46}},"locations":[{"start":{"line":21,"column":44},"end":{"line":24,"column":46}}]}},"b":{"0":[1],"1":[1],"2":[5],"3":[4],"4":[2],"5":[1],"6":[1]},"fnMap":{"0":{"name":"flatFileComparsion","decl":{"start":{"line":1,"column":11},"end":{"line":26,"column":75}},"loc":{"start":{"line":1,"column":11},"end":{"line":26,"column":75}},"line":1}},"f":{"0":1}}
}
